{
  "stats": {
    "suites": 0,
    "tests": 1,
    "passes": 0,
    "pending": 0,
    "failures": 1,
    "start": "2020-07-10T02:32:30.231Z",
    "end": "2020-07-10T02:32:30.616Z",
    "duration": 385,
    "testsRegistered": 1,
    "passPercent": 0,
    "pendingPercent": 0,
    "other": 0,
    "hasOther": false,
    "skipped": 0,
    "hasSkipped": false
  },
  "results": [
    {
      "uuid": "8e084009-ffc4-4f42-b6c3-38d1257aef5d",
      "title": "",
      "fullFile": "cypress/integration/login-seller-portal.feature",
      "file": "cypress/integration/login-seller-portal.feature",
      "beforeHooks": [],
      "afterHooks": [],
      "tests": [
        {
          "title": "An uncaught error was detected outside of a test",
          "fullTitle": "An uncaught error was detected outside of a test",
          "timedOut": null,
          "duration": 326,
          "state": "failed",
          "speed": null,
          "pass": false,
          "fail": true,
          "pending": false,
          "context": null,
          "code": "throw err;",
          "err": {
            "message": "TypeError: The following error originated from your test code, not from Cypress.\n\n  > SellerLoginPage is not a constructor\n\nWhen Cypress detects uncaught errors originating from your test code it will automatically fail the current test.\n\nCypress could not associate this error to any specific test.\n\nWe dynamically generated a new test to display this failure.",
            "estack": "TypeError: The following error originated from your test code, not from Cypress.\n\n  > SellerLoginPage is not a constructor\n\nWhen Cypress detects uncaught errors originating from your test code it will automatically fail the current test.\n\nCypress could not associate this error to any specific test.\n\nWe dynamically generated a new test to display this failure.\n    at Object.3.../PageObject/seller-login-page (http://localhost:51845/__cypress/tests?p=cypress/integration/login-seller-portal.feature:101:17)\n    at o (http://localhost:51845/__cypress/tests?p=cypress/integration/login-seller-portal.feature:1:265)\n    at eval (http://localhost:51845/__cypress/tests?p=cypress/integration/login-seller-portal.feature:1:316)\n    at Suite.eval (http://localhost:51845/__cypress/tests?p=cypress/integration/login-seller-portal.feature:89:5)\n    at Object.2./Users/maconline/Desktop/AUTOMATED TESTING/cypress/integration/login-seller-portal/login-seller-portal.js (http://localhost:51845/__cypress/tests?p=cypress/integration/login-seller-portal.feature:88:3)\n    at o (http://localhost:51845/__cypress/tests?p=cypress/integration/login-seller-portal.feature:1:265)\n    at r (http://localhost:51845/__cypress/tests?p=cypress/integration/login-seller-portal.feature:1:431)\n    at eval (http://localhost:51845/__cypress/tests?p=cypress/integration/login-seller-portal.feature:1:460)\n    at eval (<anonymous>)",
            "diff": null
          },
          "uuid": "7751c92c-546b-4845-ad52-2715f3137d33",
          "parentUUID": "8e084009-ffc4-4f42-b6c3-38d1257aef5d",
          "isHook": false,
          "skipped": false
        }
      ],
      "suites": [],
      "passes": [],
      "failures": [
        "7751c92c-546b-4845-ad52-2715f3137d33"
      ],
      "pending": [],
      "skipped": [],
      "duration": 326,
      "root": true,
      "rootEmpty": false,
      "_timeout": 2000
    }
  ],
  "meta": {
    "mocha": {
      "version": "7.0.1"
    },
    "mochawesome": {
      "options": {
        "quiet": false,
        "reportFilename": "mochawesome",
        "saveHtml": false,
        "saveJson": true,
        "consoleReporter": "spec",
        "useInlineDiffs": false,
        "code": true
      },
      "version": "6.1.1"
    },
    "marge": {
      "options": {
        "id": "default",
        "reportDir": "cypress/reports/mocha",
        "quite": true,
        "overwrite": false,
        "html": false,
        "json": true
      },
      "version": "5.1.0"
    }
  }
}