{
  "stats": {
    "suites": 1,
    "tests": 1,
    "passes": 0,
    "pending": 0,
    "failures": 1,
    "start": "2020-07-10T02:33:13.761Z",
    "end": "2020-07-10T02:33:22.323Z",
    "duration": 8562,
    "testsRegistered": 1,
    "passPercent": 0,
    "pendingPercent": 0,
    "other": 0,
    "hasOther": false,
    "skipped": 0,
    "hasSkipped": false
  },
  "results": [
    {
      "uuid": "f5b52638-0631-4c94-b140-a837eea0cc27",
      "title": "",
      "fullFile": "cypress/integration/login-seller-portal.feature",
      "file": "cypress/integration/login-seller-portal.feature",
      "beforeHooks": [],
      "afterHooks": [],
      "tests": [],
      "suites": [
        {
          "uuid": "a9d97f4e-78b9-432a-8f9d-21ab66546fab",
          "title": "Login",
          "fullFile": "",
          "file": "",
          "beforeHooks": [],
          "afterHooks": [],
          "tests": [
            {
              "title": "Login vào trang Seller",
              "fullTitle": "Login Login vào trang Seller",
              "timedOut": null,
              "duration": 6555,
              "state": "failed",
              "speed": null,
              "pass": false,
              "fail": true,
              "pending": false,
              "context": null,
              "code": "const state = window.testState;\nreturn cy\n  .then(() => state.onStartScenario(scenario, indexedSteps))\n  .then(() =>\n    resolveAndRunBeforeHooks.call(this, scenario.tags, state.feature.name)\n  )\n  .then(() =>\n    indexedSteps.forEach(step =>\n      stepTest.call(this, state, step, rowData)\n    )\n  )\n  .then(() =>\n    resolveAndRunAfterHooks.call(this, scenario.tags, state.feature.name)\n  )\n  .then(() => state.onFinishScenario(scenario));",
              "err": {
                "message": "AssertionError: Timed out retrying: Expected to find content: 'Dashboard' but never did.",
                "estack": "AssertionError: Timed out retrying: Expected to find content: 'Dashboard' but never did.\n    at SellerLoginPage.verifyLoginSucces (https://seller.lionnix.com/__cypress/tests?p=cypress/integration/login-seller-portal.feature:49:32)\n    at Context.eval (https://seller.lionnix.com/__cypress/tests?p=cypress/integration/login-seller-portal.feature:113:13)\n    at Context.resolveAndRunStepDefinition (https://seller.lionnix.com/__cypress/tests?p=cypress/integration/login-seller-portal.feature:10509:9)\n    at Context.eval (https://seller.lionnix.com/__cypress/tests?p=cypress/integration/login-seller-portal.feature:9851:35)",
                "diff": null
              },
              "uuid": "0ba5d534-677d-4de7-b4f4-12a684c3a7c0",
              "parentUUID": "a9d97f4e-78b9-432a-8f9d-21ab66546fab",
              "isHook": false,
              "skipped": false
            }
          ],
          "suites": [],
          "passes": [],
          "failures": [
            "0ba5d534-677d-4de7-b4f4-12a684c3a7c0"
          ],
          "pending": [],
          "skipped": [],
          "duration": 6555,
          "root": false,
          "rootEmpty": false,
          "_timeout": 2000
        }
      ],
      "passes": [],
      "failures": [],
      "pending": [],
      "skipped": [],
      "duration": 0,
      "root": true,
      "rootEmpty": true,
      "_timeout": 2000
    }
  ],
  "meta": {
    "mocha": {
      "version": "7.0.1"
    },
    "mochawesome": {
      "options": {
        "quiet": false,
        "reportFilename": "mochawesome",
        "saveHtml": false,
        "saveJson": true,
        "consoleReporter": "spec",
        "useInlineDiffs": false,
        "code": true
      },
      "version": "6.1.1"
    },
    "marge": {
      "options": {
        "id": "default",
        "reportDir": "cypress/reports/mocha",
        "quite": true,
        "overwrite": false,
        "html": false,
        "json": true
      },
      "version": "5.1.0"
    }
  }
}